<?xml version="1.0" encoding="UTF-8"?>
<!-- Generated by org.testng.reporters.JUnitReportReporter -->
<testsuite hostname="root" failures="0" tests="1" name="acedemy.AppTest" time="14.709" errors="0" timestamp="2021-05-08T16:01:07 IST" skipped="0">
  <testcase classname="acedemy.AppTest" name="loginTest" time="14.709"/>
  <system-out/>
</testsuite> <!-- acedemy.AppTest -->
