<?xml version="1.0" encoding="UTF-8"?>
<!-- Generated by org.testng.reporters.JUnitReportReporter -->
<testsuite hostname="root" failures="0" tests="2" name="qaclickacademy.AppiumTest" time="0.021" errors="0" timestamp="2021-04-18T11:55:01 IST" skipped="0">
  <testcase classname="qaclickacademy.AppiumTest" name="NativeAPpAndroid" time="0.003"/>
  <system-out/>
  <testcase classname="qaclickacademy.AppiumTest" name="IOSApps" time="0.018"/>
  <system-out/>
</testsuite> <!-- qaclickacademy.AppiumTest -->
