<?xml version="1.0" encoding="UTF-8"?>
<!-- Generated by org.testng.reporters.JUnitReportReporter -->
<testsuite hostname="root" failures="0" tests="2" name="qaclickacademy.RESTAPITest" time="0.007" errors="0" timestamp="2021-04-18T11:55:01 IST" skipped="0">
  <testcase classname="qaclickacademy.RESTAPITest" name="deleteTwitter" time="0.002"/>
  <system-out/>
  <testcase classname="qaclickacademy.RESTAPITest" name="postJira" time="0.005"/>
  <system-out/>
</testsuite> <!-- qaclickacademy.RESTAPITest -->
